[debug] [2024-04-06T21:42:01.180Z] ----------------------------------------------------------------------
[debug] [2024-04-06T21:42:01.182Z] Command:       C:\Program Files\nodejs\node.exe C:\Users\PC\AppData\Roaming\npm\node_modules\firebase-tools\lib\bin\firebase.js deploy
[debug] [2024-04-06T21:42:01.182Z] CLI Version:   13.7.1
[debug] [2024-04-06T21:42:01.183Z] Platform:      win32
[debug] [2024-04-06T21:42:01.183Z] Node Version:  v18.13.0
[debug] [2024-04-06T21:42:01.184Z] Time:          Sun Apr 07 2024 02:42:01 GMT+0500 (Pakistan Standard Time)
[debug] [2024-04-06T21:42:01.184Z] ----------------------------------------------------------------------
[debug] 
[debug] [2024-04-06T21:42:01.252Z] > command requires scopes: ["email","openid","https://www.googleapis.com/auth/cloudplatformprojects.readonly","https://www.googleapis.com/auth/firebase","https://www.googleapis.com/auth/cloud-platform"]
[debug] [2024-04-06T21:42:01.252Z] > authorizing via signed-in user (wahabmaliq@gmail.com)
[debug] [2024-04-06T21:42:01.252Z] [iam] checking project truckers-978b8 for permissions ["cloudfunctions.functions.create","cloudfunctions.functions.delete","cloudfunctions.functions.get","cloudfunctions.functions.list","cloudfunctions.functions.update","cloudfunctions.operations.get","firebase.projects.get"]
[debug] [2024-04-06T21:42:01.254Z] >>> [apiv2][query] POST https://cloudresourcemanager.googleapis.com/v1/projects/truckers-978b8:testIamPermissions [none]
[debug] [2024-04-06T21:42:01.255Z] >>> [apiv2][(partial)header] POST https://cloudresourcemanager.googleapis.com/v1/projects/truckers-978b8:testIamPermissions x-goog-quota-user=projects/truckers-978b8
[debug] [2024-04-06T21:42:01.255Z] >>> [apiv2][body] POST https://cloudresourcemanager.googleapis.com/v1/projects/truckers-978b8:testIamPermissions {"permissions":["cloudfunctions.functions.create","cloudfunctions.functions.delete","cloudfunctions.functions.get","cloudfunctions.functions.list","cloudfunctions.functions.update","cloudfunctions.operations.get","firebase.projects.get"]}
[debug] [2024-04-06T21:42:02.890Z] <<< [apiv2][status] POST https://cloudresourcemanager.googleapis.com/v1/projects/truckers-978b8:testIamPermissions 200
[debug] [2024-04-06T21:42:02.890Z] <<< [apiv2][body] POST https://cloudresourcemanager.googleapis.com/v1/projects/truckers-978b8:testIamPermissions {"permissions":["cloudfunctions.functions.create","cloudfunctions.functions.delete","cloudfunctions.functions.get","cloudfunctions.functions.list","cloudfunctions.functions.update","cloudfunctions.operations.get","firebase.projects.get"]}
[debug] [2024-04-06T21:42:02.891Z] >>> [apiv2][query] POST https://iam.googleapis.com/v1/projects/truckers-978b8/serviceAccounts/truckers-978b8@appspot.gserviceaccount.com:testIamPermissions [none]
[debug] [2024-04-06T21:42:02.891Z] >>> [apiv2][body] POST https://iam.googleapis.com/v1/projects/truckers-978b8/serviceAccounts/truckers-978b8@appspot.gserviceaccount.com:testIamPermissions {"permissions":["iam.serviceAccounts.actAs"]}
[debug] [2024-04-06T21:42:04.476Z] <<< [apiv2][status] POST https://iam.googleapis.com/v1/projects/truckers-978b8/serviceAccounts/truckers-978b8@appspot.gserviceaccount.com:testIamPermissions 200
[debug] [2024-04-06T21:42:04.477Z] <<< [apiv2][body] POST https://iam.googleapis.com/v1/projects/truckers-978b8/serviceAccounts/truckers-978b8@appspot.gserviceaccount.com:testIamPermissions {"permissions":["iam.serviceAccounts.actAs"]}
[info] 
[info] === Deploying to 'truckers-978b8'...
[info] 
[info] i  deploying functions 
[info] Running command: npm --prefix "$RESOURCE_DIR" run lint
[info] +  functions: Finished running predeploy script. 
[debug] [2024-04-06T21:42:06.256Z] >>> [apiv2][query] GET https://firebase.googleapis.com/v1beta1/projects/truckers-978b8 [none]
[debug] [2024-04-06T21:42:06.827Z] <<< [apiv2][status] GET https://firebase.googleapis.com/v1beta1/projects/truckers-978b8 200
[debug] [2024-04-06T21:42:06.827Z] <<< [apiv2][body] GET https://firebase.googleapis.com/v1beta1/projects/truckers-978b8 {"projectId":"truckers-978b8","projectNumber":"17495330829","displayName":"truckers","name":"projects/truckers-978b8","resources":{"hostingSite":"truckers-978b8"},"state":"ACTIVE","etag":"1_abfdcbbe-89e4-4f55-aca0-0242c2e2cbf4"}
[info] i  functions: preparing codebase default for deployment 
[info] i  functions: ensuring required API cloudfunctions.googleapis.com is enabled... 
[info] i  functions: ensuring required API cloudbuild.googleapis.com is enabled... 
[info] i  artifactregistry: ensuring required API artifactregistry.googleapis.com is enabled... 
[debug] [2024-04-06T21:42:06.830Z] >>> [apiv2][query] GET https://serviceusage.googleapis.com/v1/projects/truckers-978b8/services/cloudfunctions.googleapis.com [none]
[debug] [2024-04-06T21:42:06.830Z] >>> [apiv2][(partial)header] GET https://serviceusage.googleapis.com/v1/projects/truckers-978b8/services/cloudfunctions.googleapis.com x-goog-quota-user=projects/truckers-978b8
[debug] [2024-04-06T21:42:06.832Z] >>> [apiv2][query] GET https://serviceusage.googleapis.com/v1/projects/truckers-978b8/services/runtimeconfig.googleapis.com [none]
[debug] [2024-04-06T21:42:06.832Z] >>> [apiv2][(partial)header] GET https://serviceusage.googleapis.com/v1/projects/truckers-978b8/services/runtimeconfig.googleapis.com x-goog-quota-user=projects/truckers-978b8
[debug] [2024-04-06T21:42:06.833Z] >>> [apiv2][query] GET https://serviceusage.googleapis.com/v1/projects/truckers-978b8/services/cloudbuild.googleapis.com [none]
[debug] [2024-04-06T21:42:06.833Z] >>> [apiv2][(partial)header] GET https://serviceusage.googleapis.com/v1/projects/truckers-978b8/services/cloudbuild.googleapis.com x-goog-quota-user=projects/truckers-978b8
[debug] [2024-04-06T21:42:06.834Z] >>> [apiv2][query] GET https://serviceusage.googleapis.com/v1/projects/truckers-978b8/services/artifactregistry.googleapis.com [none]
[debug] [2024-04-06T21:42:06.834Z] >>> [apiv2][(partial)header] GET https://serviceusage.googleapis.com/v1/projects/truckers-978b8/services/artifactregistry.googleapis.com x-goog-quota-user=projects/truckers-978b8
